2021-08-31 00:07:02,839 interview.performance 13 INFO     0.041374921798706055 / {}
2021-08-31 00:07:13,610 interview.performance 13 INFO     0.04322409629821777 /admin/ {}
2021-08-31 00:07:15,142 interview.performance 13 INFO     0.026919841766357422 /admin/ {}
2021-08-31 00:07:17,922 interview.performance 13 INFO     0.040148019790649414 /admin/jobs/resume/ {}
2021-08-31 00:07:17,978 interview.performance 13 INFO     0.01382303237915039 /admin/jsi18n/ {}
2021-09-01 15:40:18,210 interview.performance 13 INFO     0.18326401710510254 / {}
2021-09-01 15:40:18,611 interview.performance 13 INFO     0.07775402069091797 /favicon.ico {}
2021-09-01 15:41:48,738 interview.performance 13 INFO     0.07726168632507324 / {}
2021-09-01 15:41:48,972 interview.performance 13 INFO     0.07027769088745117 /favicon.ico {}
2021-09-01 15:41:51,745 interview.performance 13 INFO     0.058763980865478516 / {}
2021-09-01 15:41:51,954 interview.performance 13 INFO     0.05866527557373047 /favicon.ico {}
2021-09-01 15:42:02,998 interview.performance 13 INFO     0.08613228797912598 / {}
2021-09-01 15:42:03,235 interview.performance 13 INFO     0.08646798133850098 /favicon.ico {}
2021-09-01 15:42:33,698 interview.performance 13 INFO     0.07274007797241211 /admin {}
2021-09-01 15:42:33,932 interview.performance 13 INFO     0.09477615356445312 /favicon.ico {}
2021-09-01 15:43:14,799 interview.performance 13 INFO     0.07256889343261719 / {}
2021-09-01 15:43:15,023 interview.performance 13 INFO     0.07648491859436035 /favicon.ico {}
2021-09-01 15:43:47,862 interview.performance 13 INFO     0.08299803733825684 / {}
2021-09-01 15:43:48,049 interview.performance 13 INFO     0.06847524642944336 /favicon.ico {}
2021-09-01 15:44:12,753 interview.performance 13 INFO     0.018738985061645508 / {}
2021-09-01 15:44:16,215 interview.performance 13 INFO     0.01636195182800293 / {}
2021-09-01 15:44:17,313 interview.performance 13 INFO     0.013222217559814453 /favicon.ico {}
2021-09-01 15:44:25,363 interview.performance 13 INFO     0.013104915618896484 /admin {}
2021-09-01 15:44:25,432 interview.performance 13 INFO     0.013850212097167969 /favicon.ico {}
2021-09-01 15:44:32,270 interview.performance 13 INFO     0.012532949447631836 /admin {}
2021-09-01 15:44:32,332 interview.performance 13 INFO     0.016865968704223633 /favicon.ico {}
2021-09-01 15:44:33,517 interview.performance 13 INFO     0.010925769805908203 /admin {}
2021-09-01 15:44:33,563 interview.performance 13 INFO     0.011174917221069336 /favicon.ico {}
2021-09-01 15:44:43,594 interview.performance 13 INFO     0.013656139373779297 /admin {}
2021-09-01 15:44:43,646 interview.performance 13 INFO     0.0164639949798584 /favicon.ico {}
2021-09-01 15:45:09,629 interview.performance 13 INFO     0.01245427131652832 /admin {}
2021-09-01 15:45:09,682 interview.performance 13 INFO     0.014453887939453125 /favicon.ico {}
2021-09-01 15:45:10,845 interview.performance 13 INFO     0.013370990753173828 /admin {}
2021-09-01 15:45:10,901 interview.performance 13 INFO     0.01946282386779785 /favicon.ico {}
2021-09-01 15:45:11,786 interview.performance 13 INFO     0.010130882263183594 /job/1/ {}
2021-09-01 15:45:11,872 interview.performance 13 INFO     0.011276006698608398 /favicon.ico {}
2021-09-01 15:45:15,610 interview.performance 13 INFO     0.009492874145507812 /job/1/ {}
2021-09-01 15:45:15,669 interview.performance 13 INFO     0.018582820892333984 /favicon.ico {}
2021-09-01 15:45:16,950 interview.performance 13 INFO     0.010959863662719727 /favicon.ico {}
2021-09-01 15:45:18,828 interview.performance 13 INFO     0.012003183364868164 / {}
2021-09-01 15:45:18,915 interview.performance 13 INFO     0.013862133026123047 /favicon.ico {}
2021-09-01 15:45:21,383 interview.performance 13 INFO     0.01143503189086914 /job/1/ {}
2021-09-01 15:45:21,442 interview.performance 13 INFO     0.01270604133605957 /favicon.ico {}
2021-09-01 15:45:23,346 interview.performance 13 INFO     0.011768817901611328 /favicon.ico {}
2021-09-01 15:45:29,062 interview.performance 13 INFO     0.01249074935913086 /admin {}
2021-09-01 15:45:29,172 interview.performance 13 INFO     0.014314889907836914 /favicon.ico {}
2021-09-01 15:46:16,671 interview.performance 13 INFO     0.07711505889892578 /admin {}
2021-09-01 15:46:16,901 interview.performance 13 INFO     0.05660510063171387 /favicon.ico {}
2021-09-01 15:47:03,551 interview.performance 13 INFO     0.052900075912475586 /admin {}
2021-09-01 15:47:03,766 interview.performance 13 INFO     0.05702996253967285 /favicon.ico {}
2021-09-01 15:47:15,208 interview.performance 13 INFO     0.01378011703491211 /admin {}
2021-09-01 15:47:15,281 interview.performance 13 INFO     0.012357950210571289 /favicon.ico {}
2021-09-01 15:47:18,928 interview.performance 13 INFO     0.012676239013671875 /admin {}
2021-09-01 15:47:18,978 interview.performance 13 INFO     0.012736082077026367 /favicon.ico {}
2021-09-01 15:47:39,161 interview.performance 13 INFO     0.024044036865234375 /admin {}
2021-09-01 15:47:39,211 interview.performance 13 INFO     0.012800931930541992 /favicon.ico {}
2021-09-01 15:47:43,344 interview.performance 13 INFO     0.012546777725219727 /admin {}
2021-09-01 15:47:43,393 interview.performance 13 INFO     0.015039920806884766 /favicon.ico {}
2021-09-01 15:47:53,491 interview.performance 13 INFO     0.06142997741699219 /admin/ {}
2021-09-01 15:47:53,654 interview.performance 13 INFO     0.013120174407958984 /favicon.ico {}
2021-09-01 15:48:00,509 interview.performance 13 INFO     0.17392706871032715 /admin/interview/candidate/ {}
2021-09-01 15:48:00,565 interview.performance 13 INFO     0.012423038482666016 /admin/jsi18n/ {}
2021-09-01 15:48:00,758 interview.performance 13 INFO     0.00872802734375 /favicon.ico {}
2021-09-01 15:48:06,581 interview.performance 13 INFO     0.0355982780456543 /admin/interview/candidate/ {}
2021-09-01 15:49:18,485 interview.performance 13 INFO     0.18654704093933105 /admin/interview/candidate/ {}
2021-09-01 15:49:18,539 interview.performance 13 INFO     0.011091947555541992 /admin/jsi18n/ {}
2021-09-01 15:49:18,781 interview.performance 13 INFO     0.013997793197631836 /favicon.ico {}
2021-09-01 15:49:23,140 interview.performance 13 INFO     0.019850969314575195 /admin/interview/candidate/ {}
2021-09-01 15:49:23,332 interview.performance 13 INFO     0.18406295776367188 /admin/interview/candidate/ {}
2021-09-01 15:49:23,398 interview.performance 13 INFO     0.01378321647644043 /admin/jsi18n/ {}
2021-09-01 15:49:23,595 interview.performance 13 INFO     0.010814905166625977 /favicon.ico {}
2021-09-01 15:50:24,297 interview.performance 13 INFO     0.0325770378112793 /admin/ {}
2021-09-01 15:50:24,430 interview.performance 13 INFO     0.012843132019042969 /favicon.ico {}
2021-09-01 15:50:27,286 interview.performance 13 INFO     0.14980101585388184 /admin/interview/candidate/ {}
2021-09-01 15:50:27,339 interview.performance 13 INFO     0.01081085205078125 /admin/jsi18n/ {}
2021-09-01 15:50:27,499 interview.performance 13 INFO     0.011501073837280273 /favicon.ico {}
2021-09-01 15:50:36,428 interview.performance 13 INFO     0.4187889099121094 /admin/interview/candidate/ {}
